# JRE version: Java(TM) SE Runtime Environment (8.0-b132) (build 1.8.0-b132)
# Java VM: Java HotSpot(TM) 64-Bit Server VM (25.0-b70 mixed mode windows-amd64 compressed oops)
Heap:
 PSYoungGen      total 98304K, used 68414K [0x00000000f5580000, 0x00000000fd300000, 0x0000000100000000)
  eden space 85504K, 80% used [0x00000000f5580000,0x00000000f984fbc0,0x00000000fa900000)
  from space 12800K, 0% used [0x00000000fc680000,0x00000000fc680000,0x00000000fd300000)
  to   space 21504K, 0% used [0x00000000fa900000,0x00000000fa900000,0x00000000fbe00000)
 ParOldGen       total 99840K, used 81022K [0x00000000e0000000, 0x00000000e6180000, 0x00000000f5580000)
  object space 99840K, 81% used [0x00000000e0000000,0x00000000e4f1f8f0,0x00000000e6180000)
 Metaspace       used 34661K, capacity 35298K, committed 35584K, reserved 1081344K
  class space    used 4366K, capacity 4507K, committed 4608K, reserved 1048576K
GC Heap History (10 events):
Event: 30.106 GC heap before
{Heap before GC invocations=28 (full 2):
 PSYoungGen      total 96256K, used 15847K [0x00000000f5580000, 0x00000000fd980000, 0x0000000100000000)
  eden space 80384K, 0% used [0x00000000f5580000,0x00000000f5580000,0x00000000fa400000)
  from space 15872K, 99% used [0x00000000fb800000,0x00000000fc779e60,0x00000000fc780000)
  to   space 20480K, 0% used [0x00000000fa400000,0x00000000fa400000,0x00000000fb800000)
 ParOldGen       total 78336K, used 73969K [0x00000000e0000000, 0x00000000e4c80000, 0x00000000f5580000)
  object space 78336K, 94% used [0x00000000e0000000,0x00000000e483c6f8,0x00000000e4c80000)
 Metaspace       used 28672K, capacity 29276K, committed 29568K, reserved 1075200K
  class space    used 3470K, capacity 3620K, committed 3712K, reserved 1048576K
Event: 30.650 GC heap after
Heap after GC invocations=28 (full 2):
 PSYoungGen      total 96256K, used 7628K [0x00000000f5580000, 0x00000000fd980000, 0x0000000100000000)
  eden space 80384K, 0% used [0x00000000f5580000,0x00000000f5580000,0x00000000fa400000)
  from space 15872K, 48% used [0x00000000fb800000,0x00000000fbf73318,0x00000000fc780000)
  to   space 20480K, 0% used [0x00000000fa400000,0x00000000fa400000,0x00000000fb800000)
 ParOldGen       total 91136K, used 77936K [0x00000000e0000000, 0x00000000e5900000, 0x00000000f5580000)
  object space 91136K, 85% used [0x00000000e0000000,0x00000000e4c1c1c8,0x00000000e5900000)
 Metaspace       used 28672K, capacity 29276K, committed 29568K, reserved 1075200K
  class space    used 3470K, capacity 3620K, committed 3712K, reserved 1048576K
}
Event: 31.550 GC heap before
{Heap before GC invocations=29 (full 2):
 PSYoungGen      total 96256K, used 88012K [0x00000000f5580000, 0x00000000fd980000, 0x0000000100000000)
  eden space 80384K, 100% used [0x00000000f5580000,0x00000000fa400000,0x00000000fa400000)
  from space 15872K, 48% used [0x00000000fb800000,0x00000000fbf73318,0x00000000fc780000)
  to   space 20480K, 0% used [0x00000000fa400000,0x00000000fa400000,0x00000000fb800000)
 ParOldGen       total 91136K, used 77936K [0x00000000e0000000, 0x00000000e5900000, 0x00000000f5580000)
  object space 91136K, 85% used [0x00000000e0000000,0x00000000e4c1c1c8,0x00000000e5900000)
 Metaspace       used 29232K, capacity 29798K, committed 30080K, reserved 1075200K
  class space    used 3525K, capacity 3659K, committed 3712K, reserved 1048576K
Event: 31.620 GC heap after
Heap after GC invocations=29 (full 2):
 PSYoungGen      total 100864K, used 16728K [0x00000000f5580000, 0x00000000fdc80000, 0x0000000100000000)
  eden space 80384K, 0% used [0x00000000f5580000,0x00000000f5580000,0x00000000fa400000)
  from space 20480K, 81% used [0x00000000fa400000,0x00000000fb456330,0x00000000fb800000)
  to   space 22528K, 0% used [0x00000000fc680000,0x00000000fc680000,0x00000000fdc80000)
 ParOldGen       total 91136K, used 85745K [0x00000000e0000000, 0x00000000e5900000, 0x00000000f5580000)
  object space 91136K, 94% used [0x00000000e0000000,0x00000000e53bc430,0x00000000e5900000)
 Metaspace       used 29232K, capacity 29798K, committed 30080K, reserved 1075200K
  class space    used 3525K, capacity 3659K, committed 3712K, reserved 1048576K
}
Event: 31.620 GC heap before
{Heap before GC invocations=30 (full 3):
 PSYoungGen      total 100864K, used 16728K [0x00000000f5580000, 0x00000000fdc80000, 0x0000000100000000)
  eden space 80384K, 0% used [0x00000000f5580000,0x00000000f5580000,0x00000000fa400000)
  from space 20480K, 81% used [0x00000000fa400000,0x00000000fb456330,0x00000000fb800000)
  to   space 22528K, 0% used [0x00000000fc680000,0x00000000fc680000,0x00000000fdc80000)
 ParOldGen       total 91136K, used 85745K [0x00000000e0000000, 0x00000000e5900000, 0x00000000f5580000)
  object space 91136K, 94% used [0x00000000e0000000,0x00000000e53bc430,0x00000000e5900000)
 Metaspace       used 29232K, capacity 29798K, committed 30080K, reserved 1075200K
  class space    used 3525K, capacity 3659K, committed 3712K, reserved 1048576K
Event: 32.025 GC heap after
Heap after GC invocations=30 (full 3):
 PSYoungGen      total 100864K, used 9969K [0x00000000f5580000, 0x00000000fdc80000, 0x0000000100000000)
  eden space 80384K, 0% used [0x00000000f5580000,0x00000000f5580000,0x00000000fa400000)
  from space 20480K, 48% used [0x00000000fa400000,0x00000000fadbc620,0x00000000fb800000)
  to   space 22528K, 0% used [0x00000000fc680000,0x00000000fc680000,0x00000000fdc80000)
 ParOldGen       total 106496K, used 90851K [0x00000000e0000000, 0x00000000e6800000, 0x00000000f5580000)
  object space 106496K, 85% used [0x00000000e0000000,0x00000000e58b8d40,0x00000000e6800000)
 Metaspace       used 29232K, capacity 29798K, committed 30080K, reserved 1075200K
  class space    used 3525K, capacity 3659K, committed 3712K, reserved 1048576K
}
Event: 36.672 GC heap before
{Heap before GC invocations=31 (full 3):
 PSYoungGen      total 100864K, used 90353K [0x00000000f5580000, 0x00000000fdc80000, 0x0000000100000000)
  eden space 80384K, 100% used [0x00000000f5580000,0x00000000fa400000,0x00000000fa400000)
  from space 20480K, 48% used [0x00000000fa400000,0x00000000fadbc620,0x00000000fb800000)
  to   space 22528K, 0% used [0x00000000fc680000,0x00000000fc680000,0x00000000fdc80000)
 ParOldGen       total 106496K, used 90851K [0x00000000e0000000, 0x00000000e6800000, 0x00000000f5580000)
  object space 106496K, 85% used [0x00000000e0000000,0x00000000e58b8d40,0x00000000e6800000)
 Metaspace       used 32826K, capacity 33406K, committed 33664K, reserved 1079296K
  class space    used 4041K, capacity 4181K, committed 4224K, reserved 1048576K
Event: 36.755 GC heap after
Heap after GC invocations=31 (full 3):
 PSYoungGen      total 98304K, used 8581K [0x00000000f5580000, 0x00000000fd300000, 0x0000000100000000)
  eden space 85504K, 0% used [0x00000000f5580000,0x00000000f5580000,0x00000000fa900000)
  from space 12800K, 67% used [0x00000000fc680000,0x00000000fcee1428,0x00000000fd300000)
  to   space 21504K, 0% used [0x00000000fa900000,0x00000000fa900000,0x00000000fbe00000)
 ParOldGen       total 106496K, used 100611K [0x00000000e0000000, 0x00000000e6800000, 0x00000000f5580000)
  object space 106496K, 94% used [0x00000000e0000000,0x00000000e6240ee0,0x00000000e6800000)
 Metaspace       used 32826K, capacity 33406K, committed 33664K, reserved 1079296K
  class space    used 4041K, capacity 4181K, committed 4224K, reserved 1048576K
}
Event: 36.755 GC heap before
{Heap before GC invocations=32 (full 4):
 PSYoungGen      total 98304K, used 8581K [0x00000000f5580000, 0x00000000fd300000, 0x0000000100000000)
  eden space 85504K, 0% used [0x00000000f5580000,0x00000000f5580000,0x00000000fa900000)
  from space 12800K, 67% used [0x00000000fc680000,0x00000000fcee1428,0x00000000fd300000)
  to   space 21504K, 0% used [0x00000000fa900000,0x00000000fa900000,0x00000000fbe00000)
 ParOldGen       total 106496K, used 100611K [0x00000000e0000000, 0x00000000e6800000, 0x00000000f5580000)
  object space 106496K, 94% used [0x00000000e0000000,0x00000000e6240ee0,0x00000000e6800000)
 Metaspace       used 32826K, capacity 33406K, committed 33664K, reserved 1079296K
  class space    used 4041K, capacity 4181K, committed 4224K, reserved 1048576K
Event: 37.001 GC heap after
Heap after GC invocations=32 (full 4):
 PSYoungGen      total 98304K, used 0K [0x00000000f5580000, 0x00000000fd300000, 0x0000000100000000)
  eden space 85504K, 0% used [0x00000000f5580000,0x00000000f5580000,0x00000000fa900000)
  from space 12800K, 0% used [0x00000000fc680000,0x00000000fc680000,0x00000000fd300000)
  to   space 21504K, 0% used [0x00000000fa900000,0x00000000fa900000,0x00000000fbe00000)
 ParOldGen       total 99840K, used 81022K [0x00000000e0000000, 0x00000000e6180000, 0x00000000f5580000)
  object space 99840K, 81% used [0x00000000e0000000,0x00000000e4f1f8f0,0x00000000e6180000)
 Metaspace       used 32826K, capacity 33406K, committed 33664K, reserved 1079296K
  class space    used 4041K, capacity 4181K, committed 4224K, reserved 1048576K
}

